<?xml version="1.0" encoding="UTF-8"?>
<testsuite xmlns:xsi="http://www.w3.org/2001/XMLSchema-instance" xsi:noNamespaceSchemaLocation="https://maven.apache.org/surefire/maven-surefire-plugin/xsd/surefire-test-report.xsd" name="fr.amu.test.IndexControllerTests" time="4.036" tests="1" errors="0" skipped="0" failures="0">
  <properties>
    <property name="awt.toolkit" value="sun.awt.X11.XToolkit"/>
    <property name="file.encoding.pkg" value="sun.io"/>
    <property name="java.specification.version" value="1.8"/>
    <property name="sun.cpu.isalist" value=""/>
    <property name="sun.jnu.encoding" value="UTF-8"/>
    <property name="java.class.path" value="/amuhome/b17032966/eclipse-workspace/td2/target/test-classes:/amuhome/b17032966/eclipse-workspace/td2/target/classes:/amuhome/b17032966/.m2/repository/org/springframework/boot/spring-boot-starter-test/2.0.3.RELEASE/spring-boot-starter-test-2.0.3.RELEASE.jar:/amuhome/b17032966/.m2/repository/org/springframework/boot/spring-boot-starter/2.0.3.RELEASE/spring-boot-starter-2.0.3.RELEASE.jar:/amuhome/b17032966/.m2/repository/org/springframework/boot/spring-boot-starter-logging/2.0.3.RELEASE/spring-boot-starter-logging-2.0.3.RELEASE.jar:/amuhome/b17032966/.m2/repository/ch/qos/logback/logback-classic/1.2.3/logback-classic-1.2.3.jar:/amuhome/b17032966/.m2/repository/ch/qos/logback/logback-core/1.2.3/logback-core-1.2.3.jar:/amuhome/b17032966/.m2/repository/org/apache/logging/log4j/log4j-to-slf4j/2.10.0/log4j-to-slf4j-2.10.0.jar:/amuhome/b17032966/.m2/repository/org/apache/logging/log4j/log4j-api/2.10.0/log4j-api-2.10.0.jar:/amuhome/b17032966/.m2/repository/org/slf4j/jul-to-slf4j/1.7.25/jul-to-slf4j-1.7.25.jar:/amuhome/b17032966/.m2/repository/org/yaml/snakeyaml/1.19/snakeyaml-1.19.jar:/amuhome/b17032966/.m2/repository/org/springframework/boot/spring-boot-test/2.0.3.RELEASE/spring-boot-test-2.0.3.RELEASE.jar:/amuhome/b17032966/.m2/repository/org/springframework/boot/spring-boot-test-autoconfigure/2.0.3.RELEASE/spring-boot-test-autoconfigure-2.0.3.RELEASE.jar:/amuhome/b17032966/.m2/repository/com/jayway/jsonpath/json-path/2.4.0/json-path-2.4.0.jar:/amuhome/b17032966/.m2/repository/net/minidev/json-smart/2.3/json-smart-2.3.jar:/amuhome/b17032966/.m2/repository/net/minidev/accessors-smart/1.2/accessors-smart-1.2.jar:/amuhome/b17032966/.m2/repository/org/ow2/asm/asm/5.0.4/asm-5.0.4.jar:/amuhome/b17032966/.m2/repository/org/slf4j/slf4j-api/1.7.25/slf4j-api-1.7.25.jar:/amuhome/b17032966/.m2/repository/junit/junit/4.12/junit-4.12.jar:/amuhome/b17032966/.m2/repository/org/assertj/assertj-core/3.9.1/assertj-core-3.9.1.jar:/amuhome/b17032966/.m2/repository/org/mockito/mockito-core/2.15.0/mockito-core-2.15.0.jar:/amuhome/b17032966/.m2/repository/net/bytebuddy/byte-buddy/1.7.11/byte-buddy-1.7.11.jar:/amuhome/b17032966/.m2/repository/net/bytebuddy/byte-buddy-agent/1.7.11/byte-buddy-agent-1.7.11.jar:/amuhome/b17032966/.m2/repository/org/objenesis/objenesis/2.6/objenesis-2.6.jar:/amuhome/b17032966/.m2/repository/org/hamcrest/hamcrest-core/1.3/hamcrest-core-1.3.jar:/amuhome/b17032966/.m2/repository/org/hamcrest/hamcrest-library/1.3/hamcrest-library-1.3.jar:/amuhome/b17032966/.m2/repository/org/skyscreamer/jsonassert/1.5.0/jsonassert-1.5.0.jar:/amuhome/b17032966/.m2/repository/com/vaadin/external/google/android-json/0.0.20131108.vaadin1/android-json-0.0.20131108.vaadin1.jar:/amuhome/b17032966/.m2/repository/org/springframework/spring-core/5.0.7.RELEASE/spring-core-5.0.7.RELEASE.jar:/amuhome/b17032966/.m2/repository/org/springframework/spring-jcl/5.0.7.RELEASE/spring-jcl-5.0.7.RELEASE.jar:/amuhome/b17032966/.m2/repository/org/springframework/spring-test/5.0.7.RELEASE/spring-test-5.0.7.RELEASE.jar:/amuhome/b17032966/.m2/repository/org/xmlunit/xmlunit-core/2.5.1/xmlunit-core-2.5.1.jar:/amuhome/b17032966/.m2/repository/org/springframework/boot/spring-boot-starter-web/2.0.3.RELEASE/spring-boot-starter-web-2.0.3.RELEASE.jar:/amuhome/b17032966/.m2/repository/org/springframework/boot/spring-boot-starter-json/2.0.3.RELEASE/spring-boot-starter-json-2.0.3.RELEASE.jar:/amuhome/b17032966/.m2/repository/com/fasterxml/jackson/core/jackson-databind/2.9.6/jackson-databind-2.9.6.jar:/amuhome/b17032966/.m2/repository/com/fasterxml/jackson/core/jackson-annotations/2.9.0/jackson-annotations-2.9.0.jar:/amuhome/b17032966/.m2/repository/com/fasterxml/jackson/core/jackson-core/2.9.6/jackson-core-2.9.6.jar:/amuhome/b17032966/.m2/repository/com/fasterxml/jackson/datatype/jackson-datatype-jdk8/2.9.6/jackson-datatype-jdk8-2.9.6.jar:/amuhome/b17032966/.m2/repository/com/fasterxml/jackson/datatype/jackson-datatype-jsr310/2.9.6/jackson-datatype-jsr310-2.9.6.jar:/amuhome/b17032966/.m2/repository/com/fasterxml/jackson/module/jackson-module-parameter-names/2.9.6/jackson-module-parameter-names-2.9.6.jar:/amuhome/b17032966/.m2/repository/org/hibernate/validator/hibernate-validator/6.0.10.Final/hibernate-validator-6.0.10.Final.jar:/amuhome/b17032966/.m2/repository/javax/validation/validation-api/2.0.1.Final/validation-api-2.0.1.Final.jar:/amuhome/b17032966/.m2/repository/org/jboss/logging/jboss-logging/3.3.2.Final/jboss-logging-3.3.2.Final.jar:/amuhome/b17032966/.m2/repository/com/fasterxml/classmate/1.3.4/classmate-1.3.4.jar:/amuhome/b17032966/.m2/repository/org/springframework/spring-web/5.0.7.RELEASE/spring-web-5.0.7.RELEASE.jar:/amuhome/b17032966/.m2/repository/org/springframework/spring-beans/5.0.7.RELEASE/spring-beans-5.0.7.RELEASE.jar:/amuhome/b17032966/.m2/repository/org/springframework/spring-webmvc/5.0.7.RELEASE/spring-webmvc-5.0.7.RELEASE.jar:/amuhome/b17032966/.m2/repository/org/springframework/spring-aop/5.0.7.RELEASE/spring-aop-5.0.7.RELEASE.jar:/amuhome/b17032966/.m2/repository/org/springframework/spring-context/5.0.7.RELEASE/spring-context-5.0.7.RELEASE.jar:/amuhome/b17032966/.m2/repository/org/springframework/spring-expression/5.0.7.RELEASE/spring-expression-5.0.7.RELEASE.jar:/amuhome/b17032966/.m2/repository/org/springframework/boot/spring-boot-starter-jdbc/2.0.3.RELEASE/spring-boot-starter-jdbc-2.0.3.RELEASE.jar:/amuhome/b17032966/.m2/repository/com/zaxxer/HikariCP/2.7.9/HikariCP-2.7.9.jar:/amuhome/b17032966/.m2/repository/org/springframework/spring-jdbc/5.0.7.RELEASE/spring-jdbc-5.0.7.RELEASE.jar:/amuhome/b17032966/.m2/repository/org/springframework/spring-tx/5.0.7.RELEASE/spring-tx-5.0.7.RELEASE.jar:/amuhome/b17032966/.m2/repository/org/hsqldb/hsqldb/2.4.0/hsqldb-2.4.0.jar:/amuhome/b17032966/.m2/repository/com/google/guava/guava/25.1-jre/guava-25.1-jre.jar:/amuhome/b17032966/.m2/repository/com/google/code/findbugs/jsr305/3.0.2/jsr305-3.0.2.jar:/amuhome/b17032966/.m2/repository/org/checkerframework/checker-qual/2.0.0/checker-qual-2.0.0.jar:/amuhome/b17032966/.m2/repository/com/google/errorprone/error_prone_annotations/2.1.3/error_prone_annotations-2.1.3.jar:/amuhome/b17032966/.m2/repository/com/google/j2objc/j2objc-annotations/1.1/j2objc-annotations-1.1.jar:/amuhome/b17032966/.m2/repository/org/codehaus/mojo/animal-sniffer-annotations/1.14/animal-sniffer-annotations-1.14.jar:/amuhome/b17032966/.m2/repository/org/springframework/boot/spring-boot-starter-tomcat/2.0.3.RELEASE/spring-boot-starter-tomcat-2.0.3.RELEASE.jar:/amuhome/b17032966/.m2/repository/javax/annotation/javax.annotation-api/1.3.2/javax.annotation-api-1.3.2.jar:/amuhome/b17032966/.m2/repository/org/apache/tomcat/embed/tomcat-embed-core/8.5.31/tomcat-embed-core-8.5.31.jar:/amuhome/b17032966/.m2/repository/org/apache/tomcat/embed/tomcat-embed-el/8.5.31/tomcat-embed-el-8.5.31.jar:/amuhome/b17032966/.m2/repository/org/apache/tomcat/embed/tomcat-embed-websocket/8.5.31/tomcat-embed-websocket-8.5.31.jar:/amuhome/b17032966/.m2/repository/javax/servlet/jstl/1.2/jstl-1.2.jar:/amuhome/b17032966/.m2/repository/org/apache/tomcat/embed/tomcat-embed-jasper/8.5.31/tomcat-embed-jasper-8.5.31.jar:/amuhome/b17032966/.m2/repository/org/eclipse/jdt/ecj/3.12.3/ecj-3.12.3.jar:/amuhome/b17032966/.m2/repository/org/eclipse/jdt/core/compiler/ecj/4.6.1/ecj-4.6.1.jar:/amuhome/b17032966/.m2/repository/org/webjars/bootstrap/4.1.3/bootstrap-4.1.3.jar:/amuhome/b17032966/.m2/repository/org/webjars/jquery/3.3.1-1/jquery-3.3.1-1.jar:/amuhome/b17032966/.m2/repository/org/webjars/popper.js/1.14.4/popper.js-1.14.4.jar:/amuhome/b17032966/.m2/repository/org/springframework/boot/spring-boot-devtools/2.0.3.RELEASE/spring-boot-devtools-2.0.3.RELEASE.jar:/amuhome/b17032966/.m2/repository/org/springframework/boot/spring-boot/2.0.3.RELEASE/spring-boot-2.0.3.RELEASE.jar:/amuhome/b17032966/.m2/repository/org/springframework/boot/spring-boot-autoconfigure/2.0.3.RELEASE/spring-boot-autoconfigure-2.0.3.RELEASE.jar:"/>
    <property name="java.vm.vendor" value="Oracle Corporation"/>
    <property name="sun.arch.data.model" value="64"/>
    <property name="java.vendor.url" value="http://java.oracle.com/"/>
    <property name="user.timezone" value=""/>
    <property name="java.vm.specification.version" value="1.8"/>
    <property name="os.name" value="Linux"/>
    <property name="user.country" value="FR"/>
    <property name="sun.java.launcher" value="SUN_STANDARD"/>
    <property name="sun.boot.library.path" value="/usr/lib/jvm/java-8-oracle/jre/lib/amd64"/>
    <property name="sun.java.command" value="/amuhome/b17032966/eclipse-workspace/td2/target/surefire/surefirebooter8049121813281109984.jar /amuhome/b17032966/eclipse-workspace/td2/target/surefire 2018-10-24T11-47-57_746-jvmRun1 surefire1301801369669351511tmp surefire_01273965495113070986tmp"/>
    <property name="surefire.test.class.path" value="/amuhome/b17032966/eclipse-workspace/td2/target/test-classes:/amuhome/b17032966/eclipse-workspace/td2/target/classes:/amuhome/b17032966/.m2/repository/org/springframework/boot/spring-boot-starter-test/2.0.3.RELEASE/spring-boot-starter-test-2.0.3.RELEASE.jar:/amuhome/b17032966/.m2/repository/org/springframework/boot/spring-boot-starter/2.0.3.RELEASE/spring-boot-starter-2.0.3.RELEASE.jar:/amuhome/b17032966/.m2/repository/org/springframework/boot/spring-boot-starter-logging/2.0.3.RELEASE/spring-boot-starter-logging-2.0.3.RELEASE.jar:/amuhome/b17032966/.m2/repository/ch/qos/logback/logback-classic/1.2.3/logback-classic-1.2.3.jar:/amuhome/b17032966/.m2/repository/ch/qos/logback/logback-core/1.2.3/logback-core-1.2.3.jar:/amuhome/b17032966/.m2/repository/org/apache/logging/log4j/log4j-to-slf4j/2.10.0/log4j-to-slf4j-2.10.0.jar:/amuhome/b17032966/.m2/repository/org/apache/logging/log4j/log4j-api/2.10.0/log4j-api-2.10.0.jar:/amuhome/b17032966/.m2/repository/org/slf4j/jul-to-slf4j/1.7.25/jul-to-slf4j-1.7.25.jar:/amuhome/b17032966/.m2/repository/org/yaml/snakeyaml/1.19/snakeyaml-1.19.jar:/amuhome/b17032966/.m2/repository/org/springframework/boot/spring-boot-test/2.0.3.RELEASE/spring-boot-test-2.0.3.RELEASE.jar:/amuhome/b17032966/.m2/repository/org/springframework/boot/spring-boot-test-autoconfigure/2.0.3.RELEASE/spring-boot-test-autoconfigure-2.0.3.RELEASE.jar:/amuhome/b17032966/.m2/repository/com/jayway/jsonpath/json-path/2.4.0/json-path-2.4.0.jar:/amuhome/b17032966/.m2/repository/net/minidev/json-smart/2.3/json-smart-2.3.jar:/amuhome/b17032966/.m2/repository/net/minidev/accessors-smart/1.2/accessors-smart-1.2.jar:/amuhome/b17032966/.m2/repository/org/ow2/asm/asm/5.0.4/asm-5.0.4.jar:/amuhome/b17032966/.m2/repository/org/slf4j/slf4j-api/1.7.25/slf4j-api-1.7.25.jar:/amuhome/b17032966/.m2/repository/junit/junit/4.12/junit-4.12.jar:/amuhome/b17032966/.m2/repository/org/assertj/assertj-core/3.9.1/assertj-core-3.9.1.jar:/amuhome/b17032966/.m2/repository/org/mockito/mockito-core/2.15.0/mockito-core-2.15.0.jar:/amuhome/b17032966/.m2/repository/net/bytebuddy/byte-buddy/1.7.11/byte-buddy-1.7.11.jar:/amuhome/b17032966/.m2/repository/net/bytebuddy/byte-buddy-agent/1.7.11/byte-buddy-agent-1.7.11.jar:/amuhome/b17032966/.m2/repository/org/objenesis/objenesis/2.6/objenesis-2.6.jar:/amuhome/b17032966/.m2/repository/org/hamcrest/hamcrest-core/1.3/hamcrest-core-1.3.jar:/amuhome/b17032966/.m2/repository/org/hamcrest/hamcrest-library/1.3/hamcrest-library-1.3.jar:/amuhome/b17032966/.m2/repository/org/skyscreamer/jsonassert/1.5.0/jsonassert-1.5.0.jar:/amuhome/b17032966/.m2/repository/com/vaadin/external/google/android-json/0.0.20131108.vaadin1/android-json-0.0.20131108.vaadin1.jar:/amuhome/b17032966/.m2/repository/org/springframework/spring-core/5.0.7.RELEASE/spring-core-5.0.7.RELEASE.jar:/amuhome/b17032966/.m2/repository/org/springframework/spring-jcl/5.0.7.RELEASE/spring-jcl-5.0.7.RELEASE.jar:/amuhome/b17032966/.m2/repository/org/springframework/spring-test/5.0.7.RELEASE/spring-test-5.0.7.RELEASE.jar:/amuhome/b17032966/.m2/repository/org/xmlunit/xmlunit-core/2.5.1/xmlunit-core-2.5.1.jar:/amuhome/b17032966/.m2/repository/org/springframework/boot/spring-boot-starter-web/2.0.3.RELEASE/spring-boot-starter-web-2.0.3.RELEASE.jar:/amuhome/b17032966/.m2/repository/org/springframework/boot/spring-boot-starter-json/2.0.3.RELEASE/spring-boot-starter-json-2.0.3.RELEASE.jar:/amuhome/b17032966/.m2/repository/com/fasterxml/jackson/core/jackson-databind/2.9.6/jackson-databind-2.9.6.jar:/amuhome/b17032966/.m2/repository/com/fasterxml/jackson/core/jackson-annotations/2.9.0/jackson-annotations-2.9.0.jar:/amuhome/b17032966/.m2/repository/com/fasterxml/jackson/core/jackson-core/2.9.6/jackson-core-2.9.6.jar:/amuhome/b17032966/.m2/repository/com/fasterxml/jackson/datatype/jackson-datatype-jdk8/2.9.6/jackson-datatype-jdk8-2.9.6.jar:/amuhome/b17032966/.m2/repository/com/fasterxml/jackson/datatype/jackson-datatype-jsr310/2.9.6/jackson-datatype-jsr310-2.9.6.jar:/amuhome/b17032966/.m2/repository/com/fasterxml/jackson/module/jackson-module-parameter-names/2.9.6/jackson-module-parameter-names-2.9.6.jar:/amuhome/b17032966/.m2/repository/org/hibernate/validator/hibernate-validator/6.0.10.Final/hibernate-validator-6.0.10.Final.jar:/amuhome/b17032966/.m2/repository/javax/validation/validation-api/2.0.1.Final/validation-api-2.0.1.Final.jar:/amuhome/b17032966/.m2/repository/org/jboss/logging/jboss-logging/3.3.2.Final/jboss-logging-3.3.2.Final.jar:/amuhome/b17032966/.m2/repository/com/fasterxml/classmate/1.3.4/classmate-1.3.4.jar:/amuhome/b17032966/.m2/repository/org/springframework/spring-web/5.0.7.RELEASE/spring-web-5.0.7.RELEASE.jar:/amuhome/b17032966/.m2/repository/org/springframework/spring-beans/5.0.7.RELEASE/spring-beans-5.0.7.RELEASE.jar:/amuhome/b17032966/.m2/repository/org/springframework/spring-webmvc/5.0.7.RELEASE/spring-webmvc-5.0.7.RELEASE.jar:/amuhome/b17032966/.m2/repository/org/springframework/spring-aop/5.0.7.RELEASE/spring-aop-5.0.7.RELEASE.jar:/amuhome/b17032966/.m2/repository/org/springframework/spring-context/5.0.7.RELEASE/spring-context-5.0.7.RELEASE.jar:/amuhome/b17032966/.m2/repository/org/springframework/spring-expression/5.0.7.RELEASE/spring-expression-5.0.7.RELEASE.jar:/amuhome/b17032966/.m2/repository/org/springframework/boot/spring-boot-starter-jdbc/2.0.3.RELEASE/spring-boot-starter-jdbc-2.0.3.RELEASE.jar:/amuhome/b17032966/.m2/repository/com/zaxxer/HikariCP/2.7.9/HikariCP-2.7.9.jar:/amuhome/b17032966/.m2/repository/org/springframework/spring-jdbc/5.0.7.RELEASE/spring-jdbc-5.0.7.RELEASE.jar:/amuhome/b17032966/.m2/repository/org/springframework/spring-tx/5.0.7.RELEASE/spring-tx-5.0.7.RELEASE.jar:/amuhome/b17032966/.m2/repository/org/hsqldb/hsqldb/2.4.0/hsqldb-2.4.0.jar:/amuhome/b17032966/.m2/repository/com/google/guava/guava/25.1-jre/guava-25.1-jre.jar:/amuhome/b17032966/.m2/repository/com/google/code/findbugs/jsr305/3.0.2/jsr305-3.0.2.jar:/amuhome/b17032966/.m2/repository/org/checkerframework/checker-qual/2.0.0/checker-qual-2.0.0.jar:/amuhome/b17032966/.m2/repository/com/google/errorprone/error_prone_annotations/2.1.3/error_prone_annotations-2.1.3.jar:/amuhome/b17032966/.m2/repository/com/google/j2objc/j2objc-annotations/1.1/j2objc-annotations-1.1.jar:/amuhome/b17032966/.m2/repository/org/codehaus/mojo/animal-sniffer-annotations/1.14/animal-sniffer-annotations-1.14.jar:/amuhome/b17032966/.m2/repository/org/springframework/boot/spring-boot-starter-tomcat/2.0.3.RELEASE/spring-boot-starter-tomcat-2.0.3.RELEASE.jar:/amuhome/b17032966/.m2/repository/javax/annotation/javax.annotation-api/1.3.2/javax.annotation-api-1.3.2.jar:/amuhome/b17032966/.m2/repository/org/apache/tomcat/embed/tomcat-embed-core/8.5.31/tomcat-embed-core-8.5.31.jar:/amuhome/b17032966/.m2/repository/org/apache/tomcat/embed/tomcat-embed-el/8.5.31/tomcat-embed-el-8.5.31.jar:/amuhome/b17032966/.m2/repository/org/apache/tomcat/embed/tomcat-embed-websocket/8.5.31/tomcat-embed-websocket-8.5.31.jar:/amuhome/b17032966/.m2/repository/javax/servlet/jstl/1.2/jstl-1.2.jar:/amuhome/b17032966/.m2/repository/org/apache/tomcat/embed/tomcat-embed-jasper/8.5.31/tomcat-embed-jasper-8.5.31.jar:/amuhome/b17032966/.m2/repository/org/eclipse/jdt/ecj/3.12.3/ecj-3.12.3.jar:/amuhome/b17032966/.m2/repository/org/eclipse/jdt/core/compiler/ecj/4.6.1/ecj-4.6.1.jar:/amuhome/b17032966/.m2/repository/org/webjars/bootstrap/4.1.3/bootstrap-4.1.3.jar:/amuhome/b17032966/.m2/repository/org/webjars/jquery/3.3.1-1/jquery-3.3.1-1.jar:/amuhome/b17032966/.m2/repository/org/webjars/popper.js/1.14.4/popper.js-1.14.4.jar:/amuhome/b17032966/.m2/repository/org/springframework/boot/spring-boot-devtools/2.0.3.RELEASE/spring-boot-devtools-2.0.3.RELEASE.jar:/amuhome/b17032966/.m2/repository/org/springframework/boot/spring-boot/2.0.3.RELEASE/spring-boot-2.0.3.RELEASE.jar:/amuhome/b17032966/.m2/repository/org/springframework/boot/spring-boot-autoconfigure/2.0.3.RELEASE/spring-boot-autoconfigure-2.0.3.RELEASE.jar:"/>
    <property name="sun.cpu.endian" value="little"/>
    <property name="user.home" value="/amuhome/b17032966"/>
    <property name="user.language" value="fr"/>
    <property name="java.specification.vendor" value="Oracle Corporation"/>
    <property name="java.home" value="/usr/lib/jvm/java-8-oracle/jre"/>
    <property name="basedir" value="/amuhome/b17032966/eclipse-workspace/td2"/>
    <property name="file.separator" value="/"/>
    <property name="line.separator" value="&#10;"/>
    <property name="java.vm.specification.vendor" value="Oracle Corporation"/>
    <property name="java.specification.name" value="Java Platform API Specification"/>
    <property name="java.awt.graphicsenv" value="sun.awt.X11GraphicsEnvironment"/>
    <property name="surefire.real.class.path" value="/amuhome/b17032966/eclipse-workspace/td2/target/surefire/surefirebooter8049121813281109984.jar"/>
    <property name="sun.boot.class.path" value="/usr/lib/jvm/java-8-oracle/jre/lib/resources.jar:/usr/lib/jvm/java-8-oracle/jre/lib/rt.jar:/usr/lib/jvm/java-8-oracle/jre/lib/sunrsasign.jar:/usr/lib/jvm/java-8-oracle/jre/lib/jsse.jar:/usr/lib/jvm/java-8-oracle/jre/lib/jce.jar:/usr/lib/jvm/java-8-oracle/jre/lib/charsets.jar:/usr/lib/jvm/java-8-oracle/jre/lib/jfr.jar:/usr/lib/jvm/java-8-oracle/jre/classes"/>
    <property name="sun.management.compiler" value="HotSpot 64-Bit Tiered Compilers"/>
    <property name="java.runtime.version" value="1.8.0_171-b11"/>
    <property name="user.name" value="b17032966"/>
    <property name="path.separator" value=":"/>
    <property name="os.version" value="4.15.0-36-generic"/>
    <property name="java.endorsed.dirs" value="/usr/lib/jvm/java-8-oracle/jre/lib/endorsed"/>
    <property name="java.runtime.name" value="Java(TM) SE Runtime Environment"/>
    <property name="file.encoding" value="UTF-8"/>
    <property name="java.vm.name" value="Java HotSpot(TM) 64-Bit Server VM"/>
    <property name="localRepository" value="/amuhome/b17032966/.m2/repository"/>
    <property name="java.vendor.url.bug" value="http://bugreport.sun.com/bugreport/"/>
    <property name="java.io.tmpdir" value="/tmp"/>
    <property name="java.version" value="1.8.0_171"/>
    <property name="user.dir" value="/amuhome/b17032966/eclipse-workspace/td2"/>
    <property name="os.arch" value="amd64"/>
    <property name="java.vm.specification.name" value="Java Virtual Machine Specification"/>
    <property name="java.awt.printerjob" value="sun.print.PSPrinterJob"/>
    <property name="sun.os.patch.level" value="unknown"/>
    <property name="java.library.path" value="/usr/java/packages/lib/amd64:/usr/lib64:/lib64:/lib:/usr/lib"/>
    <property name="java.vm.info" value="mixed mode"/>
    <property name="java.vendor" value="Oracle Corporation"/>
    <property name="java.vm.version" value="25.171-b11"/>
    <property name="java.ext.dirs" value="/usr/lib/jvm/java-8-oracle/jre/lib/ext:/usr/java/packages/lib/ext"/>
    <property name="sun.io.unicode.encoding" value="UnicodeLittle"/>
    <property name="java.class.version" value="52.0"/>
  </properties>
  <testcase name="contexLoads" classname="fr.amu.test.IndexControllerTests" time="1.224"/>
</testsuite>